Arguments: 
  C:\Program Files\nodejs\node.exe C:\Program Files (x86)\Yarn\bin\yarn.js add react-native-screens

PATH: 
  C:\Program Files (x86)\Common Files\Oracle\Java\javapath;C:\Windows\system32;C:\Windows;C:\Windows\System32\Wbem;C:\Windows\System32\WindowsPowerShell\v1.0\;C:\Windows\System32\OpenSSH\;C:\ProgramData\chocolatey\bin;C:\Program Files\nodejs\;C:\Program Files (x86)\Yarn\bin\;C:\Program Files\NVIDIA Corporation\NVIDIA NvDLISR;C:\Program Files (x86)\NVIDIA Corporation\PhysX\Common;C:\Program Files\Git\cmd;C:\Program Files\OpenSSL-Win64\bin;C:\Users\lucas\AppData\Local\Microsoft\WindowsApps;C:\Users\lucas\AppData\Local\Programs\Microsoft VS Code\bin;C:\Users\lucas\AppData\Roaming\npm;C:\Users\lucas\AppData\Local\Yarn\bin;C:\Users\lucas\AppData\Local\GitHubDesktop\bin

Yarn version: 
  1.22.5

Node version: 
  12.18.4

Platform: 
  win32 x64

Trace: 
  Error: EPERM: operation not permitted, unlink 'C:\TCC\DonationDo2\mobile\node_modules\@expo\xdl\binaries\windows\adb\AdbWinUsbApi.dll'

npm manifest: 
  {
    "main": "node_modules/expo/AppEntry.js",
    "scripts": {
      "start": "expo start",
      "android": "expo start --android",
      "ios": "expo start --ios",
      "web": "expo start --web",
      "eject": "expo eject"
    },
    "dependencies": {
      "@expo/vector-icons": "^10.0.0",
      "@react-native-community/async-storage": "~1.12.0",
      "@react-native-community/masked-view": "0.1.10",
      "@react-native-community/picker": "1.6.6",
      "@react-navigation/core": "^5.12.2",
      "@react-navigation/drawer": "^5.9.3",
      "@react-navigation/native": "^5.7.2",
      "@react-navigation/stack": "^5.8.0",
      "@react-x/clipboard": "^3.4.1",
      "axios": "^0.19.2",
      "expo": "^39.0.0",
      "expo-cli": "^3.23.1",
      "expo-constants": "~9.2.0",
      "expo-image-picker": "~9.1.0",
      "expo-linear-gradient": "~8.3.0",
      "expo-location": "~9.0.0",
      "expo-mail-composer": "~8.4.0",
      "expo-permissions": "~9.3.0",
      "expo-status-bar": "~1.0.2",
      "react": "16.13.1",
      "react-dom": "16.13.1",
      "react-native": "https://github.com/expo/react-native/archive/sdk-39.0.3.tar.gz",
      "react-native-elements": "^2.3.2",
      "react-native-gesture-handler": "~1.7.0",
      "react-native-keyboard-aware-scroll-view": "^0.9.3",
      "react-native-maps": "0.27.1",
      "react-native-modalize": "^2.0.6",
      "react-native-paper": "^4.0.1",
      "react-native-reanimated": "~1.13.0",
      "react-native-responsive-screen": "^1.4.1",
      "react-native-safe-area-context": "3.1.4",
      "react-native-svg": "12.1.0",
      "react-native-tab-view": "^2.15.1",
      "react-native-toast-message": "^1.3.4",
      "react-native-web": "~0.13.7",
      "react-navigation": "^4.4.2"
    },
    "devDependencies": {
      "@types/react": "~16.9.35",
      "@types/react-dom": "~16.9.8",
      "@types/react-native": "~0.63.2",
      "typescript": "~3.9.2"
    },
    "private": true
  }

yarn manifest: 
  No manifest

Lockfile: 
  No lockfile
